<?xml version="1.0" encoding="UTF-8"?>
<coverage generated="1717062364987" clover="3.2.0">
  <project timestamp="1717062364988" name="All files">
    <metrics statements="12" coveredstatements="10" conditionals="10" coveredconditionals="8" methods="5" coveredmethods="5" elements="27" coveredelements="23" complexity="0" loc="12" ncloc="12" packages="1" files="1" classes="1"/>
    <file name="calculator.js" path="D:\Programming\SQT\automated\calculator.js">
      <metrics statements="12" coveredstatements="10" conditionals="10" coveredconditionals="8" methods="5" coveredmethods="5"/>
      <line num="2" count="2" type="cond" truecount="4" falsecount="0"/>
      <line num="3" count="1" type="stmt"/>
      <line num="7" count="1" type="stmt"/>
      <line num="11" count="2" type="stmt"/>
      <line num="15" count="2" type="cond" truecount="2" falsecount="0"/>
      <line num="16" count="1" type="stmt"/>
      <line num="20" count="1" type="cond" truecount="1" falsecount="1"/>
      <line num="21" count="0" type="stmt"/>
      <line num="23" count="1" type="cond" truecount="1" falsecount="1"/>
      <line num="24" count="1" type="stmt"/>
      <line num="26" count="0" type="stmt"/>
      <line num="29" count="1" type="stmt"/>
    </file>
  </project>
</coverage>
